[ 2018-05-09T21:02:39+08:00 ] ::1 /wangyi/
NOTIC: [8] Use of undefined constant SHOW_PAGE_TRACE - assumed 'SHOW_PAGE_TRACE' C:\xampp\htdocs\wangyi\App\Common\Conf\debug.php 第 4 行.
INFO: [ app_init ] --START--
INFO: Run Behavior\BuildLiteBehavior [ RunTime:0.000032s ]
INFO: [ app_init ] --END-- [ RunTime:0.000207s ]
INFO: [ app_begin ] --START--
INFO: Run Behavior\ReadHtmlCacheBehavior [ RunTime:0.001503s ]
INFO: [ app_begin ] --END-- [ RunTime:0.001666s ]
INFO: [ view_parse ] --START--
INFO: [ template_filter ] --START--
INFO: Run Behavior\ContentReplaceBehavior [ RunTime:0.004084s ]
INFO: [ template_filter ] --END-- [ RunTime:0.004250s ]
INFO: Run Behavior\ParseTemplateBehavior [ RunTime:0.038279s ]
INFO: [ view_parse ] --END-- [ RunTime:0.038432s ]
INFO: [ view_filter ] --START--
INFO: Run Behavior\WriteHtmlCacheBehavior [ RunTime:0.012991s ]
INFO: [ view_filter ] --END-- [ RunTime:0.013152s ]
INFO: [ app_end ] --START--
INFO: Run Behavior\ShowPageTraceBehavior [ RunTime:0.015357s ]
INFO: [ app_end ] --END-- [ RunTime:0.015512s ]

